<?xml version="1.0" encoding="UTF-8"?>
<testsuite xmlns:xsi="http://www.w3.org/2001/XMLSchema-instance" xsi:noNamespaceSchemaLocation="https://maven.apache.org/surefire/maven-surefire-plugin/xsd/surefire-test-report.xsd" name="com.atguigu.boot.test.MyTest" time="0.023" tests="3" errors="0" skipped="0" failures="0">
  <properties>
[...]
</properties>
  <testcase name="test1" classname="com.atguigu.boot.test.MyTest" time="0.011"/>
  <testcase name="test2" classname="com.atguigu.boot.test.MyTest" time="0"/>
  <testcase name="test3" classname="com.atguigu.boot.test.MyTest" time="0.001"/>
</testsuite>